This is pdfTeX, Version 3.14159265-2.6-1.40.20 (TeX Live 2019/W32TeX) (preloaded format=pdflatex 2019.8.26)  12 JUL 2020 14:19
entering extended mode
 restricted \write18 enabled.
 %&-line parsing enabled.
**class8.tex
(./class8.tex
LaTeX2e <2018-12-01>

! LaTeX Error: Environment problem undefined.

See the LaTeX manual or LaTeX Companion for explanation.
Type  H <return>  for immediate help.
 ...                                              
                                                  
l.2 \begin{problem}
                   {1}
Your command was ignored.
Type  I <command> <return>  to replace it with another command,
or  <return>  to continue without it.


! LaTeX Error: Missing \begin{document}.

See the LaTeX manual or LaTeX Companion for explanation.
Type  H <return>  for immediate help.
 ...                                              
                                                  
l.2 \begin{problem}{1
                     }
You're in trouble here.  Try typing  <return>  to proceed.
If that doesn't work, type  X <return>  to quit.

Missing character: There is no 1 in font nullfont!

! Package inputenc Error: Unicode character –õ (U+041B)
(inputenc)                not set up for use with LaTeX.

See the inputenc package documentation for explanation.
Type  H <return>  for immediate help.
 ...                                              
                                                  
l.3 	–õ
       —ñ—Ö—Ç–∞—Ä –º–∞—Å–æ—é $m = 10$ –∫–≥ –≤–∏—Å–∏—Ç—å –ø–æ—Å–µ—Ä–µ–¥–µ–Ω—ñ...

You may provide a definition with
\DeclareUnicodeCharacter 


! Package inputenc Error: Unicode character —ñ (U+0456)
(inputenc)                not set up for use with LaTeX.

See the inputenc package documentation for explanation.
Type  H <return>  for immediate help.
 ...                                              
                                                  
l.3 	–õ—ñ
         —Ö—Ç–∞—Ä –º–∞—Å–æ—é $m = 10$ –∫–≥ –≤–∏—Å–∏—Ç—å –ø–æ—Å–µ—Ä–µ–¥–µ–Ω—ñ...

You may provide a definition with
\DeclareUnicodeCharacter 


! Package inputenc Error: Unicode character —Ö (U+0445)
(inputenc)                not set up for use with LaTeX.

See the inputenc package documentation for explanation.
Type  H <return>  for immediate help.
 ...                                              
                                                  
l.3 	–õ—ñ—Ö
           —Ç–∞—Ä –º–∞—Å–æ—é $m = 10$ –∫–≥ –≤–∏—Å–∏—Ç—å –ø–æ—Å–µ—Ä–µ–¥–µ–Ω—ñ...

You may provide a definition with
\DeclareUnicodeCharacter 


! Package inputenc Error: Unicode character —Ç (U+0442)
(inputenc)                not set up for use with LaTeX.

See the inputenc package documentation for explanation.
Type  H <return>  for immediate help.
 ...                                              
                                                  
l.3 	–õ—ñ—Ö—Ç
             –∞—Ä –º–∞—Å–æ—é $m = 10$ –∫–≥ –≤–∏—Å–∏—Ç—å –ø–æ—Å–µ—Ä–µ–¥–µ–Ω—ñ...

You may provide a definition with
\DeclareUnicodeCharacter 


! Package inputenc Error: Unicode character –∞ (U+0430)
(inputenc)                not set up for use with LaTeX.

See the inputenc package documentation for explanation.
Type  H <return>  for immediate help.
 ...                                              
                                                  
l.3 	–õ—ñ—Ö—Ç–∞
               —Ä –º–∞—Å–æ—é $m = 10$ –∫–≥ –≤–∏—Å–∏—Ç—å –ø–æ—Å–µ—Ä–µ–¥–µ–Ω—ñ...

You may provide a definition with
\DeclareUnicodeCharacter 


! Package inputenc Error: Unicode character —Ä (U+0440)
(inputenc)                not set up for use with LaTeX.

See the inputenc package documentation for explanation.
Type  H <return>  for immediate help.
 ...                                              
                                                  
l.3 	–õ—ñ—Ö—Ç–∞—Ä
                  –º–∞—Å–æ—é $m = 10$ –∫–≥ –≤–∏—Å–∏—Ç—å –ø–æ—Å–µ—Ä–µ–¥–µ–Ω—ñ...

You may provide a definition with
\DeclareUnicodeCharacter 


! Package inputenc Error: Unicode character –º (U+043C)
(inputenc)                not set up for use with LaTeX.

See the inputenc package documentation for explanation.
Type  H <return>  for immediate help.
 ...                                              
                                                  
l.3 	–õ—ñ—Ö—Ç–∞—Ä –º
                    –∞—Å–æ—é $m = 10$ –∫–≥ –≤–∏—Å–∏—Ç—å –ø–æ—Å–µ—Ä–µ–¥–µ–Ω—ñ...

You may provide a definition with
\DeclareUnicodeCharacter 


! Package inputenc Error: Unicode character –∞ (U+0430)
(inputenc)                not set up for use with LaTeX.

See the inputenc package documentation for explanation.
Type  H <return>  for immediate help.
 ...                                              
                                                  
l.3 	–õ—ñ—Ö—Ç–∞—Ä –º–∞
                      —Å–æ—é $m = 10$ –∫–≥ –≤–∏—Å–∏—Ç—å –ø–æ—Å–µ—Ä–µ–¥–µ–Ω—ñ...

You may provide a definition with
\DeclareUnicodeCharacter 


! Package inputenc Error: Unicode character —Å (U+0441)
(inputenc)                not set up for use with LaTeX.

See the inputenc package documentation for explanation.
Type  H <return>  for immediate help.
 ...                                              
                                                  
l.3 	–õ—ñ—Ö—Ç–∞—Ä –º–∞—Å
                        –æ—é $m = 10$ –∫–≥ –≤–∏—Å–∏—Ç—å –ø–æ—Å–µ—Ä–µ–¥–µ–Ω—ñ...

You may provide a definition with
\DeclareUnicodeCharacter 


! Package inputenc Error: Unicode character –æ (U+043E)
(inputenc)                not set up for use with LaTeX.

See the inputenc package documentation for explanation.
Type  H <return>  for immediate help.
 ...                                              
                                                  
l.3 	–õ—ñ—Ö—Ç–∞—Ä –º–∞—Å–æ
                          —é $m = 10$ –∫–≥ –≤–∏—Å–∏—Ç—å –ø–æ—Å–µ—Ä–µ–¥–µ–Ω—ñ...

You may provide a definition with
\DeclareUnicodeCharacter 


! Package inputenc Error: Unicode character —é (U+044E)
(inputenc)                not set up for use with LaTeX.

See the inputenc package documentation for explanation.
Type  H <return>  for immediate help.
 ...                                              
                                                  
l.3 	–õ—ñ—Ö—Ç–∞—Ä –º–∞—Å–æ—é
                             $m = 10$ –∫–≥ –≤–∏—Å–∏—Ç—å –ø–æ—Å–µ—Ä–µ–¥–µ–Ω—ñ...

You may provide a definition with
\DeclareUnicodeCharacter 

LaTeX Font Info:    External font `cmex10' loaded for size
(Font)              <7> on input line 3.
LaTeX Font Info:    External font `cmex10' loaded for size
(Font)              <5> on input line 3.

! Package inputenc Error: Unicode character –∫ (U+043A)
(inputenc)                not set up for use with LaTeX.

See the inputenc package documentation for explanation.
Type  H <return>  for immediate help.
 ...                                              
                                                  
l.3 	–õ—ñ—Ö—Ç–∞—Ä –º–∞—Å–æ—é $m = 10$ –∫
                                        –≥ –≤–∏—Å–∏—Ç—å –ø–æ—Å–µ—Ä–µ–¥–µ–Ω—ñ...

You may provide a definition with
\DeclareUnicodeCharacter 


! Package inputenc Error: Unicode character –≥ (U+0433)
(inputenc)                not set up for use with LaTeX.

See the inputenc package documentation for explanation.
Type  H <return>  for immediate help.
 ...                                              
                                                  
l.3 	–õ—ñ—Ö—Ç–∞—Ä –º–∞—Å–æ—é $m = 10$ –∫–≥
                                           –≤–∏—Å–∏—Ç—å –ø–æ—Å–µ—Ä–µ–¥–µ–Ω—ñ...

You may provide a definition with
\DeclareUnicodeCharacter 


! Package inputenc Error: Unicode character –≤ (U+0432)
(inputenc)                not set up for use with LaTeX.

See the inputenc package documentation for explanation.
Type  H <return>  for immediate help.
 ...                                              
                                                  
l.3 	–õ—ñ—Ö—Ç–∞—Ä –º–∞—Å–æ—é $m = 10$ –∫–≥ –≤
                                             –∏—Å–∏—Ç—å –ø–æ—Å–µ—Ä–µ–¥–µ–Ω—ñ...

You may provide a definition with
\DeclareUnicodeCharacter 


! Package inputenc Error: Unicode character –∏ (U+0438)
(inputenc)                not set up for use with LaTeX.

See the inputenc package documentation for explanation.
Type  H <return>  for immediate help.
 ...                                              
                                                  
l.3 	–õ—ñ—Ö—Ç–∞—Ä –º–∞—Å–æ—é $m = 10$ –∫–≥ –≤–∏
                                               —Å–∏—Ç—å –ø–æ—Å–µ—Ä–µ–¥–µ–Ω—ñ...

You may provide a definition with
\DeclareUnicodeCharacter 


! Package inputenc Error: Unicode character —Å (U+0441)
(inputenc)                not set up for use with LaTeX.

See the inputenc package documentation for explanation.
Type  H <return>  for immediate help.
 ...                                              
                                                  
l.3 	–õ—ñ—Ö—Ç–∞—Ä –º–∞—Å–æ—é $m = 10$ –∫–≥ –≤–∏—Å
                                                 –∏—Ç—å –ø–æ—Å–µ—Ä–µ–¥–µ–Ω—ñ...

You may provide a definition with
\DeclareUnicodeCharacter 


! Package inputenc Error: Unicode character –∏ (U+0438)
(inputenc)                not set up for use with LaTeX.

See the inputenc package documentation for explanation.
Type  H <return>  for immediate help.
 ...                                              
                                                  
l.3 ...ñ—Ö—Ç–∞—Ä –º–∞—Å–æ—é $m = 10$ –∫–≥ –≤–∏—Å–∏
                                                  —Ç—å –ø–æ—Å–µ—Ä–µ–¥–µ–Ω—ñ ...

You may provide a definition with
\DeclareUnicodeCharacter 


! Package inputenc Error: Unicode character —Ç (U+0442)
(inputenc)                not set up for use with LaTeX.

See the inputenc package documentation for explanation.
Type  H <return>  for immediate help.
 ...                                              
                                                  
l.3 ...Ö—Ç–∞—Ä –º–∞—Å–æ—é $m = 10$ –∫–≥ –≤–∏—Å–∏—Ç
                                                  —å –ø–æ—Å–µ—Ä–µ–¥–µ–Ω—ñ –≤...

You may provide a definition with
\DeclareUnicodeCharacter 


! Package inputenc Error: Unicode character —å (U+044C)
(inputenc)                not set up for use with LaTeX.

See the inputenc package documentation for explanation.
Type  H <return>  for immediate help.
 ...                                              
                                                  
l.3 ...Ç–∞—Ä –º–∞—Å–æ—é $m = 10$ –∫–≥ –≤–∏—Å–∏—Ç—å
                                                   –ø–æ—Å–µ—Ä–µ–¥–µ–Ω—ñ –≤—É...

You may provide a definition with
\DeclareUnicodeCharacter 


! Package inputenc Error: Unicode character –ø (U+043F)
(inputenc)                not set up for use with LaTeX.

See the inputenc package documentation for explanation.
Type  H <return>  for immediate help.
 ...                                              
                                                  
l.3 ...—Ä –º–∞—Å–æ—é $m = 10$ –∫–≥ –≤–∏—Å–∏—Ç—å –ø
                                                  –æ—Å–µ—Ä–µ–¥–µ–Ω—ñ –≤—É–ª–...

You may provide a definition with
\DeclareUnicodeCharacter 


! Package inputenc Error: Unicode character –æ (U+043E)
(inputenc)                not set up for use with LaTeX.

See the inputenc package documentation for explanation.
Type  H <return>  for immediate help.
 ...                                              
                                                  
l.3 ... –º–∞—Å–æ—é $m = 10$ –∫–≥ –≤–∏—Å–∏—Ç—å –ø–æ
                                                  —Å–µ—Ä–µ–¥–µ–Ω—ñ –≤—É–ª–∏—...

You may provide a definition with
\DeclareUnicodeCharacter 


! Package inputenc Error: Unicode character —Å (U+0441)
(inputenc)                not set up for use with LaTeX.

See the inputenc package documentation for explanation.
Type  H <return>  for immediate help.
 ...                                              
                                                  
l.3 ...º–∞—Å–æ—é $m = 10$ –∫–≥ –≤–∏—Å–∏—Ç—å –ø–æ—Å
                                                  –µ—Ä–µ–¥–µ–Ω—ñ –≤—É–ª–∏—Ü—...

You may provide a definition with
\DeclareUnicodeCharacter 


! Package inputenc Error: Unicode character –µ (U+0435)
(inputenc)                not set up for use with LaTeX.

See the inputenc package documentation for explanation.
Type  H <return>  for immediate help.
 ...                                              
                                                  
l.3 ...∞—Å–æ—é $m = 10$ –∫–≥ –≤–∏—Å–∏—Ç—å –ø–æ—Å–µ
                                                  —Ä–µ–¥–µ–Ω—ñ –≤—É–ª–∏—Ü—ñ ...

You may provide a definition with
\DeclareUnicodeCharacter 


! Package inputenc Error: Unicode character —Ä (U+0440)
(inputenc)                not set up for use with LaTeX.

See the inputenc package documentation for explanation.
Type  H <return>  for immediate help.
 ...                                              
                                                  
l.3 ...Å–æ—é $m = 10$ –∫–≥ –≤–∏—Å–∏—Ç—å –ø–æ—Å–µ—Ä
                                                  –µ–¥–µ–Ω—ñ –≤—É–ª–∏—Ü—ñ —à...

You may provide a definition with
\DeclareUnicodeCharacter 


! Package inputenc Error: Unicode character –µ (U+0435)
(inputenc)                not set up for use with LaTeX.

See the inputenc package documentation for explanation.
Type  H <return>  for immediate help.
 ...                                              
                                                  
l.3 ...æ—é $m = 10$ –∫–≥ –≤–∏—Å–∏—Ç—å –ø–æ—Å–µ—Ä–µ
                                                  –¥–µ–Ω—ñ –≤—É–ª–∏—Ü—ñ —à–∏...

You may provide a definition with
\DeclareUnicodeCharacter 


! Package inputenc Error: Unicode character –¥ (U+0434)
(inputenc)                not set up for use with LaTeX.

See the inputenc package documentation for explanation.
Type  H <return>  for immediate help.
 ...                                              
                                                  
l.3 ...é $m = 10$ –∫–≥ –≤–∏—Å–∏—Ç—å –ø–æ—Å–µ—Ä–µ–¥
                                                  –µ–Ω—ñ –≤—É–ª–∏—Ü—ñ —à–∏—Ä...

You may provide a definition with
\DeclareUnicodeCharacter 


! Package inputenc Error: Unicode character –µ (U+0435)
(inputenc)                not set up for use with LaTeX.

See the inputenc package documentation for explanation.
Type  H <return>  for immediate help.
 ...                                              
                                                  
l.3 ...$m = 10$ –∫–≥ –≤–∏—Å–∏—Ç—å –ø–æ—Å–µ—Ä–µ–¥–µ
                                                  –Ω—ñ –≤—É–ª–∏—Ü—ñ —à–∏—Ä–∏...

You may provide a definition with
\DeclareUnicodeCharacter 


! Package inputenc Error: Unicode character –Ω (U+043D)
(inputenc)                not set up for use with LaTeX.

See the inputenc package documentation for explanation.
Type  H <return>  for immediate help.
 ...                                              
                                                  
l.3 ... = 10$ –∫–≥ –≤–∏—Å–∏—Ç—å –ø–æ—Å–µ—Ä–µ–¥–µ–Ω
                                                  —ñ –≤—É–ª–∏—Ü—ñ —à–∏—Ä–∏–Ω...

You may provide a definition with
\DeclareUnicodeCharacter 


! Package inputenc Error: Unicode character —ñ (U+0456)
(inputenc)                not set up for use with LaTeX.

See the inputenc package documentation for explanation.
Type  H <return>  for immediate help.
 ...                                              
                                                  
l.3 ... 10$ –∫–≥ –≤–∏—Å–∏—Ç—å –ø–æ—Å–µ—Ä–µ–¥–µ–Ω—ñ
                                                   –≤—É–ª–∏—Ü—ñ —à–∏—Ä–∏–Ω–æ...

You may provide a definition with
\DeclareUnicodeCharacter 


! Package inputenc Error: Unicode character –≤ (U+0432)
(inputenc)                not set up for use with LaTeX.

See the inputenc package documentation for explanation.
Type  H <return>  for immediate help.
 ...                                              
                                                  
l.3 ...$ –∫–≥ –≤–∏—Å–∏—Ç—å –ø–æ—Å–µ—Ä–µ–¥–µ–Ω—ñ –≤
                                                  —É–ª–∏—Ü—ñ —à–∏—Ä–∏–Ω–æ—é ...

You may provide a definition with
\DeclareUnicodeCharacter 


! Package inputenc Error: Unicode character —É (U+0443)
(inputenc)                not set up for use with LaTeX.

See the inputenc package documentation for explanation.
Type  H <return>  for immediate help.
 ...                                              
                                                  
l.3 ...–∫–≥ –≤–∏—Å–∏—Ç—å –ø–æ—Å–µ—Ä–µ–¥–µ–Ω—ñ –≤—É
                                                  –ª–∏—Ü—ñ —à–∏—Ä–∏–Ω–æ—é $l...

You may provide a definition with
\DeclareUnicodeCharacter 


! Package inputenc Error: Unicode character –ª (U+043B)
(inputenc)                not set up for use with LaTeX.

See the inputenc package documentation for explanation.
Type  H <return>  for immediate help.
 ...                                              
                                                  
l.3 ...–≥ –≤–∏—Å–∏—Ç—å –ø–æ—Å–µ—Ä–µ–¥–µ–Ω—ñ –≤—É–ª
                                                  –∏—Ü—ñ —à–∏—Ä–∏–Ω–æ—é $l =...

You may provide a definition with
\DeclareUnicodeCharacter 


! Package inputenc Error: Unicode character –∏ (U+0438)
(inputenc)                not set up for use with LaTeX.

See the inputenc package documentation for explanation.
Type  H <return>  for immediate help.
 ...                                              
                                                  
l.3 ... –≤–∏—Å–∏—Ç—å –ø–æ—Å–µ—Ä–µ–¥–µ–Ω—ñ –≤—É–ª–∏
                                                  —Ü—ñ —à–∏—Ä–∏–Ω–æ—é $l = 1...

You may provide a definition with
\DeclareUnicodeCharacter 


! Package inputenc Error: Unicode character —Ü (U+0446)
(inputenc)                not set up for use with LaTeX.

See the inputenc package documentation for explanation.
Type  H <return>  for immediate help.
 ...                                              
                                                  
l.3 ...≤–∏—Å–∏—Ç—å –ø–æ—Å–µ—Ä–µ–¥–µ–Ω—ñ –≤—É–ª–∏—Ü
                                                  —ñ —à–∏—Ä–∏–Ω–æ—é $l = 10$...

You may provide a definition with
\DeclareUnicodeCharacter 


! Package inputenc Error: Unicode character —ñ (U+0456)
(inputenc)                not set up for use with LaTeX.

See the inputenc package documentation for explanation.
Type  H <return>  for immediate help.
 ...                                              
                                                  
l.3 ...∏—Å–∏—Ç—å –ø–æ—Å–µ—Ä–µ–¥–µ–Ω—ñ –≤—É–ª–∏—Ü—ñ
                                                   —à–∏—Ä–∏–Ω–æ—é $l = 10$ –...

You may provide a definition with
\DeclareUnicodeCharacter 


! Package inputenc Error: Unicode character —à (U+0448)
(inputenc)                not set up for use with LaTeX.

See the inputenc package documentation for explanation.
Type  H <return>  for immediate help.
 ...                                              
                                                  
l.3 ...–∏—Ç—å –ø–æ—Å–µ—Ä–µ–¥–µ–Ω—ñ –≤—É–ª–∏—Ü—ñ —à
                                                  –∏—Ä–∏–Ω–æ—é $l = 10$ –º. ...

You may provide a definition with
\DeclareUnicodeCharacter 


! Package inputenc Error: Unicode character –∏ (U+0438)
(inputenc)                not set up for use with LaTeX.

See the inputenc package documentation for explanation.
Type  H <return>  for immediate help.
 ...                                              
                                                  
l.3 ...—Ç—å –ø–æ—Å–µ—Ä–µ–¥–µ–Ω—ñ –≤—É–ª–∏—Ü—ñ —à–∏
                                                  —Ä–∏–Ω–æ—é $l = 10$ –º. –î...

You may provide a definition with
\DeclareUnicodeCharacter 


! Package inputenc Error: Unicode character —Ä (U+0440)
(inputenc)                not set up for use with LaTeX.

See the inputenc package documentation for explanation.
Type  H <return>  for immediate help.
 ...                                              
                                                  
l.3 ...—å –ø–æ—Å–µ—Ä–µ–¥–µ–Ω—ñ –≤—É–ª–∏—Ü—ñ —à–∏—Ä
                                                  –∏–Ω–æ—é $l = 10$ –º. –î–æ...

You may provide a definition with
\DeclareUnicodeCharacter 


! Package inputenc Error: Unicode character –∏ (U+0438)
(inputenc)                not set up for use with LaTeX.

See the inputenc package documentation for explanation.
Type  H <return>  for immediate help.
 ...                                              
                                                  
l.3 ... –ø–æ—Å–µ—Ä–µ–¥–µ–Ω—ñ –≤—É–ª–∏—Ü—ñ —à–∏—Ä–∏
                                                  –Ω–æ—é $l = 10$ –º. –î–æ–ø...

You may provide a definition with
\DeclareUnicodeCharacter 


! Package inputenc Error: Unicode character –Ω (U+043D)
(inputenc)                not set up for use with LaTeX.

See the inputenc package documentation for explanation.
Type  H <return>  for immediate help.
 ...                                              
                                                  
l.3 ...ø–æ—Å–µ—Ä–µ–¥–µ–Ω—ñ –≤—É–ª–∏—Ü—ñ —à–∏—Ä–∏–Ω
                                                  –æ—é $l = 10$ –º. –î–æ–ø—É...

You may provide a definition with
\DeclareUnicodeCharacter 


! Package inputenc Error: Unicode character –æ (U+043E)
(inputenc)                not set up for use with LaTeX.

See the inputenc package documentation for explanation.
Type  H <return>  for immediate help.
 ...                                              
                                                  
l.3 ...æ—Å–µ—Ä–µ–¥–µ–Ω—ñ –≤—É–ª–∏—Ü—ñ —à–∏—Ä–∏–Ω–æ
                                                  —é $l = 10$ –º. –î–æ–ø—É—Å...

You may provide a definition with
\DeclareUnicodeCharacter 


! Package inputenc Error: Unicode character —é (U+044E)
(inputenc)                not set up for use with LaTeX.

See the inputenc package documentation for explanation.
Type  H <return>  for immediate help.
 ...                                              
                                                  
l.3 ...Å–µ—Ä–µ–¥–µ–Ω—ñ –≤—É–ª–∏—Ü—ñ —à–∏—Ä–∏–Ω–æ—é
                                                   $l = 10$ –º. –î–æ–ø—É—Å—Ç...

You may provide a definition with
\DeclareUnicodeCharacter 


! Package inputenc Error: Unicode character –º (U+043C)
(inputenc)                not set up for use with LaTeX.

See the inputenc package documentation for explanation.
Type  H <return>  for immediate help.
 ...                                              
                                                  
l.3 ...Ω—ñ –≤—É–ª–∏—Ü—ñ —à–∏—Ä–∏–Ω–æ—é $l = 10$ –º
                                                  . –î–æ–ø—É—Å—Ç–∏–º–∞ —Å–∏–...

You may provide a definition with
\DeclareUnicodeCharacter 

Missing character: There is no . in font nullfont!

! Package inputenc Error: Unicode character –î (U+0414)
(inputenc)                not set up for use with LaTeX.

See the inputenc package documentation for explanation.
Type  H <return>  for immediate help.
 ...                                              
                                                  
l.3 ...–≤—É–ª–∏—Ü—ñ —à–∏—Ä–∏–Ω–æ—é $l = 10$ –º. –î
                                                  –æ–ø—É—Å—Ç–∏–º–∞ —Å–∏–ª–∞ ...

You may provide a definition with
\DeclareUnicodeCharacter 


! Package inputenc Error: Unicode character –æ (U+043E)
(inputenc)                not set up for use with LaTeX.

See the inputenc package documentation for explanation.
Type  H <return>  for immediate help.
 ...                                              
                                                  
l.3 ...—É–ª–∏—Ü—ñ —à–∏—Ä–∏–Ω–æ—é $l = 10$ –º. –î–æ
                                                  –ø—É—Å—Ç–∏–º–∞ —Å–∏–ª–∞ –Ω...

You may provide a definition with
\DeclareUnicodeCharacter 


! Package inputenc Error: Unicode character –ø (U+043F)
(inputenc)                not set up for use with LaTeX.

See the inputenc package documentation for explanation.
Type  H <return>  for immediate help.
 ...                                              
                                                  
l.3 ...–ª–∏—Ü—ñ —à–∏—Ä–∏–Ω–æ—é $l = 10$ –º. –î–æ–ø
                                                  —É—Å—Ç–∏–º–∞ —Å–∏–ª–∞ –Ω–∞...

You may provide a definition with
\DeclareUnicodeCharacter 


! Package inputenc Error: Unicode character —É (U+0443)
(inputenc)                not set up for use with LaTeX.

See the inputenc package documentation for explanation.
Type  H <return>  for immediate help.
 ...                                              
                                                  
l.3 ...–∏—Ü—ñ —à–∏—Ä–∏–Ω–æ—é $l = 10$ –º. –î–æ–ø—É
                                                  —Å—Ç–∏–º–∞ —Å–∏–ª–∞ –Ω–∞—Ç...

You may provide a definition with
\DeclareUnicodeCharacter 


! Package inputenc Error: Unicode character —Å (U+0441)
(inputenc)                not set up for use with LaTeX.

See the inputenc package documentation for explanation.
Type  H <return>  for immediate help.
 ...                                              
                                                  
l.3 ...—Ü—ñ —à–∏—Ä–∏–Ω–æ—é $l = 10$ –º. –î–æ–ø—É—Å
                                                  —Ç–∏–º–∞ —Å–∏–ª–∞ –Ω–∞—Ç—è...

You may provide a definition with
\DeclareUnicodeCharacter 


! Package inputenc Error: Unicode character —Ç (U+0442)
(inputenc)                not set up for use with LaTeX.

See the inputenc package documentation for explanation.
Type  H <return>  for immediate help.
 ...                                              
                                                  
l.3 ...—ñ —à–∏—Ä–∏–Ω–æ—é $l = 10$ –º. –î–æ–ø—É—Å—Ç
                                                  –∏–º–∞ —Å–∏–ª–∞ –Ω–∞—Ç—è–≥...

You may provide a definition with
\DeclareUnicodeCharacter 


! Package inputenc Error: Unicode character –∏ (U+0438)
(inputenc)                not set up for use with LaTeX.

See the inputenc package documentation for explanation.
Type  H <return>  for immediate help.
 ...                                              
                                                  
l.3 ... —à–∏—Ä–∏–Ω–æ—é $l = 10$ –º. –î–æ–ø—É—Å—Ç–∏
                                                  –º–∞ —Å–∏–ª–∞ –Ω–∞—Ç—è–≥—É...

You may provide a definition with
\DeclareUnicodeCharacter 


! Package inputenc Error: Unicode character –º (U+043C)
(inputenc)                not set up for use with LaTeX.

See the inputenc package documentation for explanation.
Type  H <return>  for immediate help.
 ...                                              
                                                  
l.3 ...à–∏—Ä–∏–Ω–æ—é $l = 10$ –º. –î–æ–ø—É—Å—Ç–∏–º
                                                  –∞ —Å–∏–ª–∞ –Ω–∞—Ç—è–≥—É –...

You may provide a definition with
\DeclareUnicodeCharacter 


! Package inputenc Error: Unicode character –∞ (U+0430)
(inputenc)                not set up for use with LaTeX.

See the inputenc package documentation for explanation.
Type  H <return>  for immediate help.
 ...                                              
                                                  
l.3 ...∏—Ä–∏–Ω–æ—é $l = 10$ –º. –î–æ–ø—É—Å—Ç–∏–º–∞
                                                   —Å–∏–ª–∞ –Ω–∞—Ç—è–≥—É –∫–...

You may provide a definition with
\DeclareUnicodeCharacter 


! Package inputenc Error: Unicode character —Å (U+0441)
(inputenc)                not set up for use with LaTeX.

See the inputenc package documentation for explanation.
Type  H <return>  for immediate help.
 ...                                              
                                                  
l.3 ...–∏–Ω–æ—é $l = 10$ –º. –î–æ–ø—É—Å—Ç–∏–º–∞ —Å
                                                  –∏–ª–∞ –Ω–∞—Ç—è–≥—É –∫–∞–Ω...

You may provide a definition with
\DeclareUnicodeCharacter 


! Package inputenc Error: Unicode character –∏ (U+0438)
(inputenc)                not set up for use with LaTeX.

See the inputenc package documentation for explanation.
Type  H <return>  for immediate help.
 ...                                              
                                                  
l.3 ...–Ω–æ—é $l = 10$ –º. –î–æ–ø—É—Å—Ç–∏–º–∞ —Å–∏
                                                  –ª–∞ –Ω–∞—Ç—è–≥—É –∫–∞–Ω–∞...

You may provide a definition with
\DeclareUnicodeCharacter 


! Package inputenc Error: Unicode character –ª (U+043B)
(inputenc)                not set up for use with LaTeX.

See the inputenc package documentation for explanation.
Type  H <return>  for immediate help.
 ...                                              
                                                  
l.3 ...–æ—é $l = 10$ –º. –î–æ–ø—É—Å—Ç–∏–º–∞ —Å–∏–ª
                                                  –∞ –Ω–∞—Ç—è–≥—É –∫–∞–Ω–∞—Ç...

You may provide a definition with
\DeclareUnicodeCharacter 


! Package inputenc Error: Unicode character –∞ (U+0430)
(inputenc)                not set up for use with LaTeX.

See the inputenc package documentation for explanation.
Type  H <return>  for immediate help.
 ...                                              
                                                  
l.3 ...—é $l = 10$ –º. –î–æ–ø—É—Å—Ç–∏–º–∞ —Å–∏–ª–∞
                                                   –Ω–∞—Ç—è–≥—É –∫–∞–Ω–∞—Ç—É...

You may provide a definition with
\DeclareUnicodeCharacter 


! Package inputenc Error: Unicode character –Ω (U+043D)
(inputenc)                not set up for use with LaTeX.

See the inputenc package documentation for explanation.
Type  H <return>  for immediate help.
 ...                                              
                                                  
l.3 ...$l = 10$ –º. –î–æ–ø—É—Å—Ç–∏–º–∞ —Å–∏–ª–∞ –Ω
                                                  –∞—Ç—è–≥—É –∫–∞–Ω–∞—Ç—É $T...

You may provide a definition with
\DeclareUnicodeCharacter 


! Package inputenc Error: Unicode character –∞ (U+0430)
(inputenc)                not set up for use with LaTeX.

See the inputenc package documentation for explanation.
Type  H <return>  for immediate help.
 ...                                              
                                                  
l.3 ... = 10$ –º. –î–æ–ø—É—Å—Ç–∏–º–∞ —Å–∏–ª–∞ –Ω–∞
                                                  —Ç—è–≥—É –∫–∞–Ω–∞—Ç—É $T =...

You may provide a definition with
\DeclareUnicodeCharacter 


! Package inputenc Error: Unicode character —Ç (U+0442)
(inputenc)                not set up for use with LaTeX.

See the inputenc package documentation for explanation.
Type  H <return>  for immediate help.
 ...                                              
                                                  
l.3 ... 10$ –º. –î–æ–ø—É—Å—Ç–∏–º–∞ —Å–∏–ª–∞ –Ω–∞—Ç
                                                  —è–≥—É –∫–∞–Ω–∞—Ç—É $T = 5...

You may provide a definition with
\DeclareUnicodeCharacter 


! Package inputenc Error: Unicode character —è (U+044F)
(inputenc)                not set up for use with LaTeX.

See the inputenc package documentation for explanation.
Type  H <return>  for immediate help.
 ...                                              
                                                  
l.3 ...0$ –º. –î–æ–ø—É—Å—Ç–∏–º–∞ —Å–∏–ª–∞ –Ω–∞—Ç—è
                                                  –≥—É –∫–∞–Ω–∞—Ç—É $T = 500...

You may provide a definition with
\DeclareUnicodeCharacter 


! Package inputenc Error: Unicode character –≥ (U+0433)
(inputenc)                not set up for use with LaTeX.

See the inputenc package documentation for explanation.
Type  H <return>  for immediate help.
 ...                                              
                                                  
l.3 ... –º. –î–æ–ø—É—Å—Ç–∏–º–∞ —Å–∏–ª–∞ –Ω–∞—Ç—è–≥
                                                  —É –∫–∞–Ω–∞—Ç—É $T = 500$ ...

You may provide a definition with
\DeclareUnicodeCharacter 


! Package inputenc Error: Unicode character —É (U+0443)
(inputenc)                not set up for use with LaTeX.

See the inputenc package documentation for explanation.
Type  H <return>  for immediate help.
 ...                                              
                                                  
l.3 ...º. –î–æ–ø—É—Å—Ç–∏–º–∞ —Å–∏–ª–∞ –Ω–∞—Ç—è–≥—É
                                                   –∫–∞–Ω–∞—Ç—É $T = 500$ –ù...

You may provide a definition with
\DeclareUnicodeCharacter 


! Package inputenc Error: Unicode character –∫ (U+043A)
(inputenc)                not set up for use with LaTeX.

See the inputenc package documentation for explanation.
Type  H <return>  for immediate help.
 ...                                              
                                                  
l.3 ...–î–æ–ø—É—Å—Ç–∏–º–∞ —Å–∏–ª–∞ –Ω–∞—Ç—è–≥—É –∫
                                                  –∞–Ω–∞—Ç—É $T = 500$ –ù. –...

You may provide a definition with
\DeclareUnicodeCharacter 


! Package inputenc Error: Unicode character –∞ (U+0430)
(inputenc)                not set up for use with LaTeX.

See the inputenc package documentation for explanation.
Type  H <return>  for immediate help.
 ...                                              
                                                  
l.3 ...–æ–ø—É—Å—Ç–∏–º–∞ —Å–∏–ª–∞ –Ω–∞—Ç—è–≥—É –∫–∞
                                                  –Ω–∞—Ç—É $T = 500$ –ù. –ù–...

You may provide a definition with
\DeclareUnicodeCharacter 


! Package inputenc Error: Unicode character –Ω (U+043D)
(inputenc)                not set up for use with LaTeX.

See the inputenc package documentation for explanation.
Type  H <return>  for immediate help.
 ...                                              
                                                  
l.3 ...–ø—É—Å—Ç–∏–º–∞ —Å–∏–ª–∞ –Ω–∞—Ç—è–≥—É –∫–∞–Ω
                                                  –∞—Ç—É $T = 500$ –ù. –ù–∞ ...

You may provide a definition with
\DeclareUnicodeCharacter 


! Package inputenc Error: Unicode character –∞ (U+0430)
(inputenc)                not set up for use with LaTeX.

See the inputenc package documentation for explanation.
Type  H <return>  for immediate help.
 ...                                              
                                                  
l.3 ...—É—Å—Ç–∏–º–∞ —Å–∏–ª–∞ –Ω–∞—Ç—è–≥—É –∫–∞–Ω–∞
                                                  —Ç—É $T = 500$ –ù. –ù–∞ —è...

You may provide a definition with
\DeclareUnicodeCharacter 


! Package inputenc Error: Unicode character —Ç (U+0442)
(inputenc)                not set up for use with LaTeX.

See the inputenc package documentation for explanation.
Type  H <return>  for immediate help.
 ...                                              
                                                  
l.3 ...—Å—Ç–∏–º–∞ —Å–∏–ª–∞ –Ω–∞—Ç—è–≥—É –∫–∞–Ω–∞—Ç
                                                  —É $T = 500$ –ù. –ù–∞ —è–∫...

You may provide a definition with
\DeclareUnicodeCharacter 


! Package inputenc Error: Unicode character —É (U+0443)
(inputenc)                not set up for use with LaTeX.

See the inputenc package documentation for explanation.
Type  H <return>  for immediate help.
 ...                                              
                                                  
l.3 ...—Ç–∏–º–∞ —Å–∏–ª–∞ –Ω–∞—Ç—è–≥—É –∫–∞–Ω–∞—Ç—É
                                                   $T = 500$ –ù. –ù–∞ —è–∫—ñ...

You may provide a definition with
\DeclareUnicodeCharacter 


! Package inputenc Error: Unicode character –ù (U+041D)
(inputenc)                not set up for use with LaTeX.

See the inputenc package documentation for explanation.
Type  H <return>  for immediate help.
 ...                                              
                                                  
l.3 ...–ª–∞ –Ω–∞—Ç—è–≥—É –∫–∞–Ω–∞—Ç—É $T = 500$ –ù
                                                  . –ù–∞ —è–∫—ñ–π –≤–∏—Å–æ—Ç...

You may provide a definition with
\DeclareUnicodeCharacter 

Missing character: There is no . in font nullfont!

! Package inputenc Error: Unicode character –ù (U+041D)
(inputenc)                not set up for use with LaTeX.

See the inputenc package documentation for explanation.
Type  H <return>  for immediate help.
 ...                                              
                                                  
l.3 ... –Ω–∞—Ç—è–≥—É –∫–∞–Ω–∞—Ç—É $T = 500$ –ù. –ù
                                                  –∞ —è–∫—ñ–π –≤–∏—Å–æ—Ç—ñ $...

You may provide a definition with
\DeclareUnicodeCharacter 


! Package inputenc Error: Unicode character –∞ (U+0430)
(inputenc)                not set up for use with LaTeX.

See the inputenc package documentation for explanation.
Type  H <return>  for immediate help.
 ...                                              
                                                  
l.3 ...Ω–∞—Ç—è–≥—É –∫–∞–Ω–∞—Ç—É $T = 500$ –ù. –ù–∞
                                                   —è–∫—ñ–π –≤–∏—Å–æ—Ç—ñ $H$...

You may provide a definition with
\DeclareUnicodeCharacter 


! Package inputenc Error: Unicode character —è (U+044F)
(inputenc)                not set up for use with LaTeX.

See the inputenc package documentation for explanation.
Type  H <return>  for immediate help.
 ...                                              
                                                  
l.3 ...—Ç—è–≥—É –∫–∞–Ω–∞—Ç—É $T = 500$ –ù. –ù–∞ —è
                                                  –∫—ñ–π –≤–∏—Å–æ—Ç—ñ $H$ –º...

You may provide a definition with
\DeclareUnicodeCharacter 


! Package inputenc Error: Unicode character –∫ (U+043A)
(inputenc)                not set up for use with LaTeX.

See the inputenc package documentation for explanation.
Type  H <return>  for immediate help.
 ...                                              
                                                  
l.3 ...—è–≥—É –∫–∞–Ω–∞—Ç—É $T = 500$ –ù. –ù–∞ —è–∫
                                                  —ñ–π –≤–∏—Å–æ—Ç—ñ $H$ –º–æ...

You may provide a definition with
\DeclareUnicodeCharacter 


! Package inputenc Error: Unicode character —ñ (U+0456)
(inputenc)                not set up for use with LaTeX.

See the inputenc package documentation for explanation.
Type  H <return>  for immediate help.
 ...                                              
                                                  
l.3 ...–≥—É –∫–∞–Ω–∞—Ç—É $T = 500$ –ù. –ù–∞ —è–∫—ñ
                                                  –π –≤–∏—Å–æ—Ç—ñ $H$ –º–æ–∂...

You may provide a definition with
\DeclareUnicodeCharacter 


! Package inputenc Error: Unicode character –π (U+0439)
(inputenc)                not set up for use with LaTeX.

See the inputenc package documentation for explanation.
Type  H <return>  for immediate help.
 ...                                              
                                                  
l.3 ...—É –∫–∞–Ω–∞—Ç—É $T = 500$ –ù. –ù–∞ —è–∫—ñ–π
                                                   –≤–∏—Å–æ—Ç—ñ $H$ –º–æ–∂—É...

You may provide a definition with
\DeclareUnicodeCharacter 


! Package inputenc Error: Unicode character –≤ (U+0432)
(inputenc)                not set up for use with LaTeX.

See the inputenc package documentation for explanation.
Type  H <return>  for immediate help.
 ...                                              
                                                  
l.3 ...–∫–∞–Ω–∞—Ç—É $T = 500$ –ù. –ù–∞ —è–∫—ñ–π –≤
                                                  –∏—Å–æ—Ç—ñ $H$ –º–æ–∂—É—Ç—...

You may provide a definition with
\DeclareUnicodeCharacter 


! Package inputenc Error: Unicode character –∏ (U+0438)
(inputenc)                not set up for use with LaTeX.

See the inputenc package documentation for explanation.
Type  H <return>  for immediate help.
 ...                                              
                                                  
l.3 ...–∞–Ω–∞—Ç—É $T = 500$ –ù. –ù–∞ —è–∫—ñ–π –≤–∏
                                                  —Å–æ—Ç—ñ $H$ –º–æ–∂—É—Ç—å ...

You may provide a definition with
\DeclareUnicodeCharacter 


! Package inputenc Error: Unicode character —Å (U+0441)
(inputenc)                not set up for use with LaTeX.

See the inputenc package documentation for explanation.
Type  H <return>  for immediate help.
 ...                                              
                                                  
l.3 ...–Ω–∞—Ç—É $T = 500$ –ù. –ù–∞ —è–∫—ñ–π –≤–∏—Å
                                                  –æ—Ç—ñ $H$ –º–æ–∂—É—Ç—å –±...

You may provide a definition with
\DeclareUnicodeCharacter 


! Package inputenc Error: Unicode character –æ (U+043E)
(inputenc)                not set up for use with LaTeX.

See the inputenc package documentation for explanation.
Type  H <return>  for immediate help.
 ...                                              
                                                  
l.3 ...–∞—Ç—É $T = 500$ –ù. –ù–∞ —è–∫—ñ–π –≤–∏—Å–æ
                                                  —Ç—ñ $H$ –º–æ–∂—É—Ç—å –±—É...

You may provide a definition with
\DeclareUnicodeCharacter 


! Package inputenc Error: Unicode character —Ç (U+0442)
(inputenc)                not set up for use with LaTeX.

See the inputenc package documentation for explanation.
Type  H <return>  for immediate help.
 ...                                              
                                                  
l.3 ...—Ç—É $T = 500$ –ù. –ù–∞ —è–∫—ñ–π –≤–∏—Å–æ—Ç
                                                  —ñ $H$ –º–æ–∂—É—Ç—å –±—É—Ç...

You may provide a definition with
\DeclareUnicodeCharacter 


! Package inputenc Error: Unicode character —ñ (U+0456)
(inputenc)                not set up for use with LaTeX.

See the inputenc package documentation for explanation.
Type  H <return>  for immediate help.
 ...                                              
                                                  
l.3 ...—É $T = 500$ –ù. –ù–∞ —è–∫—ñ–π –≤–∏—Å–æ—Ç—ñ
                                                   $H$ –º–æ–∂—É—Ç—å –±—É—Ç–∏...

You may provide a definition with
\DeclareUnicodeCharacter 


! Package inputenc Error: Unicode character –º (U+043C)
(inputenc)                not set up for use with LaTeX.

See the inputenc package documentation for explanation.
Type  H <return>  for immediate help.
 ...                                              
                                                  
l.3 ... 500$ –ù. –ù–∞ —è–∫—ñ–π –≤–∏—Å–æ—Ç—ñ $H$ –º
                                                  –æ–∂—É—Ç—å –±—É—Ç–∏ –∑–∞–∫...

You may provide a definition with
\DeclareUnicodeCharacter 


! Package inputenc Error: Unicode character –æ (U+043E)
(inputenc)                not set up for use with LaTeX.

See the inputenc package documentation for explanation.
Type  H <return>  for immediate help.
 ...                                              
                                                  
l.3 ...00$ –ù. –ù–∞ —è–∫—ñ–π –≤–∏—Å–æ—Ç—ñ $H$ –º–æ
                                                  –∂—É—Ç—å –±—É—Ç–∏ –∑–∞–∫—Ä...

You may provide a definition with
\DeclareUnicodeCharacter 


! Package inputenc Error: Unicode character –∂ (U+0436)
(inputenc)                not set up for use with LaTeX.

See the inputenc package documentation for explanation.
Type  H <return>  for immediate help.
 ...                                              
                                                  
l.3 ...$ –ù. –ù–∞ —è–∫—ñ–π –≤–∏—Å–æ—Ç—ñ $H$ –º–æ–∂
                                                  —É—Ç—å –±—É—Ç–∏ –∑–∞–∫—Ä—ñ...

You may provide a definition with
\DeclareUnicodeCharacter 


! Package inputenc Error: Unicode character —É (U+0443)
(inputenc)                not set up for use with LaTeX.

See the inputenc package documentation for explanation.
Type  H <return>  for immediate help.
 ...                                              
                                                  
l.3 ...–ù. –ù–∞ —è–∫—ñ–π –≤–∏—Å–æ—Ç—ñ $H$ –º–æ–∂—É
                                                  —Ç—å –±—É—Ç–∏ –∑–∞–∫—Ä—ñ–ø...

You may provide a definition with
\DeclareUnicodeCharacter 


! Package inputenc Error: Unicode character —Ç (U+0442)
(inputenc)                not set up for use with LaTeX.

See the inputenc package documentation for explanation.
Type  H <return>  for immediate help.
 ...                                              
                                                  
l.3 .... –ù–∞ —è–∫—ñ–π –≤–∏—Å–æ—Ç—ñ $H$ –º–æ–∂—É—Ç
                                                  —å –±—É—Ç–∏ –∑–∞–∫—Ä—ñ–ø–ª...

You may provide a definition with
\DeclareUnicodeCharacter 


! Package inputenc Error: Unicode character —å (U+044C)
(inputenc)                not set up for use with LaTeX.

See the inputenc package documentation for explanation.
Type  H <return>  for immediate help.
 ...                                              
                                                  
l.3 ...–ù–∞ —è–∫—ñ–π –≤–∏—Å–æ—Ç—ñ $H$ –º–æ–∂—É—Ç—å
                                                   –±—É—Ç–∏ –∑–∞–∫—Ä—ñ–ø–ª–µ...

You may provide a definition with
\DeclareUnicodeCharacter 


! Package inputenc Error: Unicode character –± (U+0431)
(inputenc)                not set up for use with LaTeX.

See the inputenc package documentation for explanation.
Type  H <return>  for immediate help.
 ...                                              
                                                  
l.3 ...∞ —è–∫—ñ–π –≤–∏—Å–æ—Ç—ñ $H$ –º–æ–∂—É—Ç—å –±
                                                  —É—Ç–∏ –∑–∞–∫—Ä—ñ–ø–ª–µ–Ω—...

You may provide a definition with
\DeclareUnicodeCharacter 


! Package inputenc Error: Unicode character —É (U+0443)
(inputenc)                not set up for use with LaTeX.

See the inputenc package documentation for explanation.
Type  H <return>  for immediate help.
 ...                                              
                                                  
l.3 ...—è–∫—ñ–π –≤–∏—Å–æ—Ç—ñ $H$ –º–æ–∂—É—Ç—å –±—É
                                                  —Ç–∏ –∑–∞–∫—Ä—ñ–ø–ª–µ–Ω—ñ ...

You may provide a definition with
\DeclareUnicodeCharacter 


! Package inputenc Error: Unicode character —Ç (U+0442)
(inputenc)                not set up for use with LaTeX.

See the inputenc package documentation for explanation.
Type  H <return>  for immediate help.
 ...                                              
                                                  
l.3 ...–∫—ñ–π –≤–∏—Å–æ—Ç—ñ $H$ –º–æ–∂—É—Ç—å –±—É—Ç
                                                  –∏ –∑–∞–∫—Ä—ñ–ø–ª–µ–Ω—ñ –∫...

You may provide a definition with
\DeclareUnicodeCharacter 


! Package inputenc Error: Unicode character –∏ (U+0438)
(inputenc)                not set up for use with LaTeX.

See the inputenc package documentation for explanation.
Type  H <return>  for immediate help.
 ...                                              
                                                  
l.3 ...—ñ–π –≤–∏—Å–æ—Ç—ñ $H$ –º–æ–∂—É—Ç—å –±—É—Ç–∏
                                                   –∑–∞–∫—Ä—ñ–ø–ª–µ–Ω—ñ –∫—ñ...

You may provide a definition with
\DeclareUnicodeCharacter 


! Package inputenc Error: Unicode character –∑ (U+0437)
(inputenc)                not set up for use with LaTeX.

See the inputenc package documentation for explanation.
Type  H <return>  for immediate help.
 ...                                              
                                                  
l.3 ...π –≤–∏—Å–æ—Ç—ñ $H$ –º–æ–∂—É—Ç—å –±—É—Ç–∏ –∑
                                                  –∞–∫—Ä—ñ–ø–ª–µ–Ω—ñ –∫—ñ–Ω—...

You may provide a definition with
\DeclareUnicodeCharacter 


! Package inputenc Error: Unicode character –∞ (U+0430)
(inputenc)                not set up for use with LaTeX.

See the inputenc package documentation for explanation.
Type  H <return>  for immediate help.
 ...                                              
                                                  
l.3 ...–≤–∏—Å–æ—Ç—ñ $H$ –º–æ–∂—É—Ç—å –±—É—Ç–∏ –∑–∞
                                                  –∫—Ä—ñ–ø–ª–µ–Ω—ñ –∫—ñ–Ω—Ü—...

You may provide a definition with
\DeclareUnicodeCharacter 


! Package inputenc Error: Unicode character –∫ (U+043A)
(inputenc)                not set up for use with LaTeX.

See the inputenc package documentation for explanation.
Type  H <return>  for immediate help.
 ...                                              
                                                  
l.3 ...–∏—Å–æ—Ç—ñ $H$ –º–æ–∂—É—Ç—å –±—É—Ç–∏ –∑–∞–∫
                                                  —Ä—ñ–ø–ª–µ–Ω—ñ –∫—ñ–Ω—Ü—ñ ...

You may provide a definition with
\DeclareUnicodeCharacter 


! Package inputenc Error: Unicode character —Ä (U+0440)
(inputenc)                not set up for use with LaTeX.

See the inputenc package documentation for explanation.
Type  H <return>  for immediate help.
 ...                                              
                                                  
l.3 ...—Å–æ—Ç—ñ $H$ –º–æ–∂—É—Ç—å –±—É—Ç–∏ –∑–∞–∫—Ä
                                                  —ñ–ø–ª–µ–Ω—ñ –∫—ñ–Ω—Ü—ñ –∫...

You may provide a definition with
\DeclareUnicodeCharacter 


! Package inputenc Error: Unicode character —ñ (U+0456)
(inputenc)                not set up for use with LaTeX.

See the inputenc package documentation for explanation.
Type  H <return>  for immediate help.
 ...                                              
                                                  
l.3 ...–æ—Ç—ñ $H$ –º–æ–∂—É—Ç—å –±—É—Ç–∏ –∑–∞–∫—Ä—ñ
                                                  –ø–ª–µ–Ω—ñ –∫—ñ–Ω—Ü—ñ –∫–∞...

You may provide a definition with
\DeclareUnicodeCharacter 


! Package inputenc Error: Unicode character –ø (U+043F)
(inputenc)                not set up for use with LaTeX.

See the inputenc package documentation for explanation.
Type  H <return>  for immediate help.
 ...                                              
                                                  
l.3 ...—Ç—ñ $H$ –º–æ–∂—É—Ç—å –±—É—Ç–∏ –∑–∞–∫—Ä—ñ–ø
                                                  –ª–µ–Ω—ñ –∫—ñ–Ω—Ü—ñ –∫–∞–Ω...

You may provide a definition with
\DeclareUnicodeCharacter 


! Package inputenc Error: Unicode character –ª (U+043B)
(inputenc)                not set up for use with LaTeX.

See the inputenc package documentation for explanation.
Type  H <return>  for immediate help.
 ...                                              
                                                  
l.3 ...—ñ $H$ –º–æ–∂—É—Ç—å –±—É—Ç–∏ –∑–∞–∫—Ä—ñ–ø–ª
                                                  –µ–Ω—ñ –∫—ñ–Ω—Ü—ñ –∫–∞–Ω–∞...
(That makes 100 errors; please try again.) 
Here is how much of TeX's memory you used:
 38 strings out of 492609
 512 string characters out of 6132818
 57244 words of memory out of 5000000
 4058 multiletter control sequences out of 15000+600000
 3640 words of font info for 14 fonts, out of 8000000 for 9000
 1141 hyphenation exceptions out of 8191
 18i,1n,12p,411b,68s stack positions out of 5000i,500n,10000p,200000b,80000s

!  ==> Fatal error occurred, no output PDF file produced!
